Latexmk: This is Latexmk, John Collins, 17 Jan. 2018, version: 4.55.
Rule 'pdflatex': Rules & subrules not known to be previously run:
   pdflatex
Rule 'pdflatex': The following rules & subrules became out-of-date:
      'pdflatex'
------------
Run number 1 of rule 'pdflatex'
------------
------------
Running 'pdflatex -shell-escape -synctex=1 -file-line-error-style  -interaction=nonstopmode -recorder  "./egg_report_DRAFT.tex"'
------------
Latexmk: applying rule 'pdflatex'...
This is pdfTeX, Version 3.14159265-2.6-1.40.19 (TeX Live 2018) (preloaded format=pdflatex)
 \write18 enabled.
entering extended mode
(./egg_report_DRAFT.tex
LaTeX2e <2018-04-01> patch level 2
Babel <3.18> and hyphenation patterns for 84 language(s) loaded.
(/usr/local/texlive/2018/texmf-dist/tex/latex/base/report.cls
Document Class: report 2014/09/29 v1.4h Standard LaTeX document class
(/usr/local/texlive/2018/texmf-dist/tex/latex/base/size12.clo))
(/usr/local/texlive/2018/texmf-dist/tex/latex/geometry/geometry.sty
(/usr/local/texlive/2018/texmf-dist/tex/latex/graphics/keyval.sty)
(/usr/local/texlive/2018/texmf-dist/tex/generic/oberdiek/ifpdf.sty)
(/usr/local/texlive/2018/texmf-dist/tex/generic/oberdiek/ifvtex.sty)
(/usr/local/texlive/2018/texmf-dist/tex/generic/ifxetex/ifxetex.sty))
(/usr/local/texlive/2018/texmf-dist/tex/latex/preprint/fullpage.sty)
(/usr/local/texlive/2018/texmf-dist/tex/latex/fancyhdr/fancyhdr.sty)
(/usr/local/texlive/2018/texmf-dist/tex/latex/lastpage/lastpage.sty)
(/usr/local/texlive/2018/texmf-dist/tex/latex/graphics/graphicx.sty
(/usr/local/texlive/2018/texmf-dist/tex/latex/graphics/graphics.sty
(/usr/local/texlive/2018/texmf-dist/tex/latex/graphics/trig.sty)
(/usr/local/texlive/2018/texmf-dist/tex/latex/graphics-cfg/graphics.cfg)
(/usr/local/texlive/2018/texmf-dist/tex/latex/graphics-def/pdftex.def)))
(/usr/local/texlive/2018/texmf-dist/tex/latex/wrapfig/wrapfig.sty)
(/usr/local/texlive/2018/texmf-dist/tex/latex/caption/subcaption.sty
(/usr/local/texlive/2018/texmf-dist/tex/latex/caption/caption.sty
(/usr/local/texlive/2018/texmf-dist/tex/latex/caption/caption3.sty)))
(/usr/local/texlive/2018/texmf-dist/tex/latex/setspace/setspace.sty)
(/usr/local/texlive/2018/texmf-dist/tex/latex/booktabs/booktabs.sty)
(/usr/local/texlive/2018/texmf-dist/tex/latex/base/fontenc.sty
(/usr/local/texlive/2018/texmf-dist/tex/latex/base/t1enc.def))
(/usr/local/texlive/2018/texmf-dist/tex/latex/fourier/fourier.sty
(/usr/local/texlive/2018/texmf-dist/tex/latex/base/fontenc.sty
(/usr/local/texlive/2018/texmf-dist/tex/latex/base/t1enc.def))
(/usr/local/texlive/2018/texmf-dist/tex/latex/base/textcomp.sty
(/usr/local/texlive/2018/texmf-dist/tex/latex/base/ts1enc.def
(/usr/local/texlive/2018/texmf-dist/tex/latex/base/ts1enc.dfu)))
(/usr/local/texlive/2018/texmf-dist/tex/latex/fourier/fourier-orns.sty))
(/usr/local/texlive/2018/texmf-dist/tex/latex/microtype/microtype.sty
(/usr/local/texlive/2018/texmf-dist/tex/latex/microtype/microtype-pdftex.def)
(/usr/local/texlive/2018/texmf-dist/tex/latex/microtype/microtype.cfg))
(/usr/local/texlive/2018/texmf-dist/tex/generic/babel/babel.sty
(/usr/local/texlive/2018/texmf-dist/tex/generic/babel/switch.def)
(/usr/local/texlive/2018/texmf-dist/tex/generic/babel-english/english.ldf
(/usr/local/texlive/2018/texmf-dist/tex/generic/babel/babel.def
(/usr/local/texlive/2018/texmf-dist/tex/generic/babel/txtbabel.def))))
(/usr/local/texlive/2018/texmf-dist/tex/latex/sectsty/sectsty.sty)
(/usr/local/texlive/2018/texmf-dist/tex/latex/url/url.sty)
(/usr/local/texlive/2018/texmf-dist/tex/latex/lipsum/lipsum.sty)
(./egg_report_DRAFT.aux)
(/usr/local/texlive/2018/texmf-dist/tex/latex/fourier/fmlfutm.fd)
(/usr/local/texlive/2018/texmf-dist/tex/latex/fourier/fmsfutm.fd)
(/usr/local/texlive/2018/texmf-dist/tex/latex/fourier/fmxfutm.fd)
(/usr/local/texlive/2018/texmf-dist/tex/latex/base/ts1cmr.fd)
(/usr/local/texlive/2018/texmf-dist/tex/latex/fourier/t1futs.fd)
*geometry* driver: auto-detecting
*geometry* detected driver: pdftex
(/usr/local/texlive/2018/texmf-dist/tex/context/base/mkii/supp-pdf.mkii
[Loading MPS to PDF converter (version 2006.09.02).]
) (/usr/local/texlive/2018/texmf-dist/tex/latex/oberdiek/epstopdf-base.sty
(/usr/local/texlive/2018/texmf-dist/tex/generic/oberdiek/infwarerr.sty)
(/usr/local/texlive/2018/texmf-dist/tex/latex/oberdiek/grfext.sty
(/usr/local/texlive/2018/texmf-dist/tex/generic/oberdiek/kvdefinekeys.sty
(/usr/local/texlive/2018/texmf-dist/tex/generic/oberdiek/ltxcmds.sty)))
(/usr/local/texlive/2018/texmf-dist/tex/latex/oberdiek/kvoptions.sty
(/usr/local/texlive/2018/texmf-dist/tex/generic/oberdiek/kvsetkeys.sty
(/usr/local/texlive/2018/texmf-dist/tex/generic/oberdiek/etexcmds.sty
(/usr/local/texlive/2018/texmf-dist/tex/generic/oberdiek/ifluatex.sty))))
(/usr/local/texlive/2018/texmf-dist/tex/generic/oberdiek/pdftexcmds.sty)
(/usr/local/texlive/2018/texmf-dist/tex/latex/latexconfig/epstopdf-sys.cfg))
(/usr/local/texlive/2018/texmf-dist/tex/latex/fourier/fmlfutmi.fd) [1{/usr/loca
l/texlive/2018/texmf-var/fonts/map/pdftex/updmap/pdftex.map}]
No file egg_report_DRAFT.toc.
[1]

LaTeX Warning: Reference `LastPage' on page 2 undefined on input line 78.

[2]

LaTeX Warning: Reference `LastPage' on page 3 undefined on input line 86.

[3] (/usr/local/texlive/2018/texmf-dist/tex/latex/base/t1cmtt.fd)
Underfull \hbox (badness 10000) in paragraph at lines 90--93


Underfull \hbox (badness 10000) in paragraph at lines 90--93


Overfull \hbox (15.99487pt too wide) in paragraph at lines 94--97
\T1/futs/m/n/12 (-20) <$\T1/cmtt/m/n/12 http : / / biology-[]forums . com / ind
ex . php ? action = gallery ; sa = view ; id = 9284$\T1/futs/m/n/12 (-20) > [Ac
-cessed

Underfull \hbox (badness 10000) in paragraph at lines 94--97


Underfull \hbox (badness 10000) in paragraph at lines 94--97


Underfull \hbox (badness 10000) in paragraph at lines 98--101


Underfull \hbox (badness 10000) in paragraph at lines 98--101


Underfull \hbox (badness 10000) in paragraph at lines 102--105


Underfull \hbox (badness 10000) in paragraph at lines 102--105


Underfull \hbox (badness 10000) in paragraph at lines 106--109


Underfull \hbox (badness 10000) in paragraph at lines 106--109


Underfull \hbox (badness 10000) in paragraph at lines 110--113


Underfull \hbox (badness 10000) in paragraph at lines 110--113


Overfull \hbox (15.98172pt too wide) in paragraph at lines 114--117
\T1/cmtt/m/n/12 / / www . edrep . org / pages / textbook / glomerulonephritis .
 php$\T1/futs/m/n/12 (-20) > [Ac-cessed 25 Oc-to-ber 2013]. 

Underfull \hbox (badness 10000) in paragraph at lines 114--117


Underfull \hbox (badness 10000) in paragraph at lines 114--117


LaTeX Warning: Reference `LastPage' on page 4 undefined on input line 118.

[4]
Underfull \hbox (badness 10000) in paragraph at lines 118--121


Underfull \hbox (badness 10000) in paragraph at lines 118--121


Underfull \hbox (badness 10000) in paragraph at lines 122--125


Underfull \hbox (badness 10000) in paragraph at lines 122--125


Underfull \hbox (badness 10000) in paragraph at lines 126--129


Underfull \hbox (badness 10000) in paragraph at lines 126--129


Underfull \hbox (badness 10000) in paragraph at lines 130--133


Underfull \hbox (badness 10000) in paragraph at lines 130--133


Underfull \hbox (badness 10000) in paragraph at lines 134--137


Underfull \hbox (badness 10000) in paragraph at lines 134--137


Underfull \hbox (badness 10000) in paragraph at lines 138--141


Underfull \hbox (badness 10000) in paragraph at lines 138--141


Underfull \hbox (badness 10000) in paragraph at lines 142--145


Underfull \hbox (badness 10000) in paragraph at lines 142--145


Underfull \hbox (badness 10000) in paragraph at lines 146--149


Underfull \hbox (badness 10000) in paragraph at lines 146--149


LaTeX Warning: Reference `LastPage' on page 5 undefined on input line 149.

[5]
Underfull \hbox (badness 10000) in paragraph at lines 150--153


Underfull \hbox (badness 10000) in paragraph at lines 150--153


Overfull \hbox (3.79158pt too wide) in paragraph at lines 154--157
\T1/cmtt/m/n/12 / / www . nhs . uk / Conditions / Glomerulonephritis / Pages / 
Causes . aspx$\T1/futs/m/n/12 (-20) > [Ac-cessed 20 Oc-

Underfull \hbox (badness 10000) in paragraph at lines 154--157


Underfull \hbox (badness 10000) in paragraph at lines 154--157


Underfull \hbox (badness 10000) in paragraph at lines 158--161


Underfull \hbox (badness 10000) in paragraph at lines 158--161


Overfull \hbox (28.02872pt too wide) in paragraph at lines 162--165
\T1/futs/m/n/12 (-20) <$\T1/cmtt/m/n/12 http : / / www . uptodate . com / conte
nts / mechanisms-[]of-[]glomerular-[]crescent-[]formation$\T1/futs/m/n/12 (-20)
 >

Underfull \hbox (badness 10000) in paragraph at lines 162--165


Underfull \hbox (badness 10000) in paragraph at lines 162--165


Underfull \hbox (badness 10000) in paragraph at lines 166--169


Underfull \hbox (badness 10000) in paragraph at lines 166--169


Underfull \hbox (badness 10000) in paragraph at lines 170--173


Underfull \hbox (badness 10000) in paragraph at lines 170--173


Underfull \hbox (badness 10000) in paragraph at lines 174--177


Underfull \hbox (badness 10000) in paragraph at lines 174--177


LaTeX Warning: Reference `LastPage' on page 6 undefined on input line 177.

[6]
Underfull \hbox (badness 10000) in paragraph at lines 178--181


Underfull \hbox (badness 10000) in paragraph at lines 178--181


Underfull \hbox (badness 10000) in paragraph at lines 182--185


Underfull \hbox (badness 10000) in paragraph at lines 182--185


Underfull \hbox (badness 10000) in paragraph at lines 186--189


Underfull \hbox (badness 10000) in paragraph at lines 186--189


Underfull \hbox (badness 10000) in paragraph at lines 190--193


Underfull \hbox (badness 10000) in paragraph at lines 190--193


Underfull \hbox (badness 10000) in paragraph at lines 194--197


Underfull \hbox (badness 10000) in paragraph at lines 194--197


Underfull \hbox (badness 10000) in paragraph at lines 198--201


Underfull \hbox (badness 10000) in paragraph at lines 198--201


Package lastpage Warning: Rerun to get the references right on input line 203.


AED: lastpage setting LastPage

LaTeX Warning: Reference `LastPage' on page 7 undefined on input line 203.

[7] (./egg_report_DRAFT.aux)

LaTeX Warning: There were undefined references.


LaTeX Warning: Label(s) may have changed. Rerun to get cross-references right.

 )
(see the transcript file for additional information){/usr/local/texlive/2018/te
xmf-dist/fonts/enc/dvips/cm-super/cm-super-t1.enc}{/usr/local/texlive/2018/texm
f-dist/fonts/enc/dvips/base/8r.enc}</usr/local/texlive/2018/texmf-dist/fonts/ty
pe1/adobe/utopia/putb8a.pfb></usr/local/texlive/2018/texmf-dist/fonts/type1/ado
be/utopia/putr8a.pfb></usr/local/texlive/2018/texmf-dist/fonts/type1/adobe/utop
ia/putri8a.pfb></usr/local/texlive/2018/texmf-dist/fonts/type1/public/cm-super/
sftt1200.pfb>
Output written on egg_report_DRAFT.pdf (8 pages, 100481 bytes).
SyncTeX written on egg_report_DRAFT.synctex.gz.
Transcript written on egg_report_DRAFT.log.
===========Latexmk: Missing input file: 'egg_report_DRAFT.toc' from line
  'No file egg_report_DRAFT.toc.'
Latexmk: Missing input file: 'egg_report_DRAFT.toc' from line
  'No file egg_report_DRAFT.toc.'
Latexmk: References changed.
Latexmk: References changed.
Latexmk: Log file says output to 'egg_report_DRAFT.pdf'
Latexmk: List of undefined refs and citations:
  Reference `LastPage' on page 2 undefined on input line 78
  Reference `LastPage' on page 3 undefined on input line 86
  Reference `LastPage' on page 4 undefined on input line 118
  Reference `LastPage' on page 5 undefined on input line 149
  Reference `LastPage' on page 6 undefined on input line 177
  Reference `LastPage' on page 7 undefined on input line 203
Latexmk: Summary of warnings:
  Latex failed to resolve 6 reference(s)
Rule 'pdflatex': File changes, etc:
   Changed files, or newly in use since previous run(s):
      'egg_report_DRAFT.aux'
      'egg_report_DRAFT.toc'
------------
Run number 2 of rule 'pdflatex'
------------
------------
Running 'pdflatex -shell-escape -synctex=1 -file-line-error-style  -interaction=nonstopmode -recorder  "./egg_report_DRAFT.tex"'
------------
=== TeX engine is 'pdfTeX'
Latexmk: applying rule 'pdflatex'...
This is pdfTeX, Version 3.14159265-2.6-1.40.19 (TeX Live 2018) (preloaded format=pdflatex)
 \write18 enabled.
entering extended mode
(./egg_report_DRAFT.tex
LaTeX2e <2018-04-01> patch level 2
Babel <3.18> and hyphenation patterns for 84 language(s) loaded.
(/usr/local/texlive/2018/texmf-dist/tex/latex/base/report.cls
Document Class: report 2014/09/29 v1.4h Standard LaTeX document class
(/usr/local/texlive/2018/texmf-dist/tex/latex/base/size12.clo))
(/usr/local/texlive/2018/texmf-dist/tex/latex/geometry/geometry.sty
(/usr/local/texlive/2018/texmf-dist/tex/latex/graphics/keyval.sty)
(/usr/local/texlive/2018/texmf-dist/tex/generic/oberdiek/ifpdf.sty)
(/usr/local/texlive/2018/texmf-dist/tex/generic/oberdiek/ifvtex.sty)
(/usr/local/texlive/2018/texmf-dist/tex/generic/ifxetex/ifxetex.sty))
(/usr/local/texlive/2018/texmf-dist/tex/latex/preprint/fullpage.sty)
(/usr/local/texlive/2018/texmf-dist/tex/latex/fancyhdr/fancyhdr.sty)
(/usr/local/texlive/2018/texmf-dist/tex/latex/lastpage/lastpage.sty)
(/usr/local/texlive/2018/texmf-dist/tex/latex/graphics/graphicx.sty
(/usr/local/texlive/2018/texmf-dist/tex/latex/graphics/graphics.sty
(/usr/local/texlive/2018/texmf-dist/tex/latex/graphics/trig.sty)
(/usr/local/texlive/2018/texmf-dist/tex/latex/graphics-cfg/graphics.cfg)
(/usr/local/texlive/2018/texmf-dist/tex/latex/graphics-def/pdftex.def)))
(/usr/local/texlive/2018/texmf-dist/tex/latex/wrapfig/wrapfig.sty)
(/usr/local/texlive/2018/texmf-dist/tex/latex/caption/subcaption.sty
(/usr/local/texlive/2018/texmf-dist/tex/latex/caption/caption.sty
(/usr/local/texlive/2018/texmf-dist/tex/latex/caption/caption3.sty)))
(/usr/local/texlive/2018/texmf-dist/tex/latex/setspace/setspace.sty)
(/usr/local/texlive/2018/texmf-dist/tex/latex/booktabs/booktabs.sty)
(/usr/local/texlive/2018/texmf-dist/tex/latex/base/fontenc.sty
(/usr/local/texlive/2018/texmf-dist/tex/latex/base/t1enc.def))
(/usr/local/texlive/2018/texmf-dist/tex/latex/fourier/fourier.sty
(/usr/local/texlive/2018/texmf-dist/tex/latex/base/fontenc.sty
(/usr/local/texlive/2018/texmf-dist/tex/latex/base/t1enc.def))
(/usr/local/texlive/2018/texmf-dist/tex/latex/base/textcomp.sty
(/usr/local/texlive/2018/texmf-dist/tex/latex/base/ts1enc.def
(/usr/local/texlive/2018/texmf-dist/tex/latex/base/ts1enc.dfu)))
(/usr/local/texlive/2018/texmf-dist/tex/latex/fourier/fourier-orns.sty))
(/usr/local/texlive/2018/texmf-dist/tex/latex/microtype/microtype.sty
(/usr/local/texlive/2018/texmf-dist/tex/latex/microtype/microtype-pdftex.def)
(/usr/local/texlive/2018/texmf-dist/tex/latex/microtype/microtype.cfg))
(/usr/local/texlive/2018/texmf-dist/tex/generic/babel/babel.sty
(/usr/local/texlive/2018/texmf-dist/tex/generic/babel/switch.def)
(/usr/local/texlive/2018/texmf-dist/tex/generic/babel-english/english.ldf
(/usr/local/texlive/2018/texmf-dist/tex/generic/babel/babel.def
(/usr/local/texlive/2018/texmf-dist/tex/generic/babel/txtbabel.def))))
(/usr/local/texlive/2018/texmf-dist/tex/latex/sectsty/sectsty.sty)
(/usr/local/texlive/2018/texmf-dist/tex/latex/url/url.sty)
(/usr/local/texlive/2018/texmf-dist/tex/latex/lipsum/lipsum.sty)
(./egg_report_DRAFT.aux)
(/usr/local/texlive/2018/texmf-dist/tex/latex/fourier/fmlfutm.fd)
(/usr/local/texlive/2018/texmf-dist/tex/latex/fourier/fmsfutm.fd)
(/usr/local/texlive/2018/texmf-dist/tex/latex/fourier/fmxfutm.fd)
(/usr/local/texlive/2018/texmf-dist/tex/latex/base/ts1cmr.fd)
(/usr/local/texlive/2018/texmf-dist/tex/latex/fourier/t1futs.fd)
*geometry* driver: auto-detecting
*geometry* detected driver: pdftex
(/usr/local/texlive/2018/texmf-dist/tex/context/base/mkii/supp-pdf.mkii
[Loading MPS to PDF converter (version 2006.09.02).]
) (/usr/local/texlive/2018/texmf-dist/tex/latex/oberdiek/epstopdf-base.sty
(/usr/local/texlive/2018/texmf-dist/tex/generic/oberdiek/infwarerr.sty)
(/usr/local/texlive/2018/texmf-dist/tex/latex/oberdiek/grfext.sty
(/usr/local/texlive/2018/texmf-dist/tex/generic/oberdiek/kvdefinekeys.sty
(/usr/local/texlive/2018/texmf-dist/tex/generic/oberdiek/ltxcmds.sty)))
(/usr/local/texlive/2018/texmf-dist/tex/latex/oberdiek/kvoptions.sty
(/usr/local/texlive/2018/texmf-dist/tex/generic/oberdiek/kvsetkeys.sty
(/usr/local/texlive/2018/texmf-dist/tex/generic/oberdiek/etexcmds.sty
(/usr/local/texlive/2018/texmf-dist/tex/generic/oberdiek/ifluatex.sty))))
(/usr/local/texlive/2018/texmf-dist/tex/generic/oberdiek/pdftexcmds.sty)
(/usr/local/texlive/2018/texmf-dist/tex/latex/latexconfig/epstopdf-sys.cfg))
(/usr/local/texlive/2018/texmf-dist/tex/latex/fourier/fmlfutmi.fd) [1{/usr/loca
l/texlive/2018/texmf-var/fonts/map/pdftex/updmap/pdftex.map}]
(./egg_report_DRAFT.toc) [1] [2] [3]
(/usr/local/texlive/2018/texmf-dist/tex/latex/base/t1cmtt.fd)
Underfull \hbox (badness 10000) in paragraph at lines 90--93


Underfull \hbox (badness 10000) in paragraph at lines 90--93


Overfull \hbox (15.99487pt too wide) in paragraph at lines 94--97
\T1/futs/m/n/12 (-20) <$\T1/cmtt/m/n/12 http : / / biology-[]forums . com / ind
ex . php ? action = gallery ; sa = view ; id = 9284$\T1/futs/m/n/12 (-20) > [Ac
-cessed

Underfull \hbox (badness 10000) in paragraph at lines 94--97


Underfull \hbox (badness 10000) in paragraph at lines 94--97


Underfull \hbox (badness 10000) in paragraph at lines 98--101


Underfull \hbox (badness 10000) in paragraph at lines 98--101


Underfull \hbox (badness 10000) in paragraph at lines 102--105


Underfull \hbox (badness 10000) in paragraph at lines 102--105


Underfull \hbox (badness 10000) in paragraph at lines 106--109


Underfull \hbox (badness 10000) in paragraph at lines 106--109


Underfull \hbox (badness 10000) in paragraph at lines 110--113


Underfull \hbox (badness 10000) in paragraph at lines 110--113


Overfull \hbox (15.98172pt too wide) in paragraph at lines 114--117
\T1/cmtt/m/n/12 / / www . edrep . org / pages / textbook / glomerulonephritis .
 php$\T1/futs/m/n/12 (-20) > [Ac-cessed 25 Oc-to-ber 2013]. 

Underfull \hbox (badness 10000) in paragraph at lines 114--117


Underfull \hbox (badness 10000) in paragraph at lines 114--117

[4]
Underfull \hbox (badness 10000) in paragraph at lines 118--121


Underfull \hbox (badness 10000) in paragraph at lines 118--121


Underfull \hbox (badness 10000) in paragraph at lines 122--125


Underfull \hbox (badness 10000) in paragraph at lines 122--125


Underfull \hbox (badness 10000) in paragraph at lines 126--129


Underfull \hbox (badness 10000) in paragraph at lines 126--129


Underfull \hbox (badness 10000) in paragraph at lines 130--133


Underfull \hbox (badness 10000) in paragraph at lines 130--133


Underfull \hbox (badness 10000) in paragraph at lines 134--137


Underfull \hbox (badness 10000) in paragraph at lines 134--137


Underfull \hbox (badness 10000) in paragraph at lines 138--141


Underfull \hbox (badness 10000) in paragraph at lines 138--141


Underfull \hbox (badness 10000) in paragraph at lines 142--145


Underfull \hbox (badness 10000) in paragraph at lines 142--145


Underfull \hbox (badness 10000) in paragraph at lines 146--149


Underfull \hbox (badness 10000) in paragraph at lines 146--149

[5]
Underfull \hbox (badness 10000) in paragraph at lines 150--153


Underfull \hbox (badness 10000) in paragraph at lines 150--153


Overfull \hbox (3.79158pt too wide) in paragraph at lines 154--157
\T1/cmtt/m/n/12 / / www . nhs . uk / Conditions / Glomerulonephritis / Pages / 
Causes . aspx$\T1/futs/m/n/12 (-20) > [Ac-cessed 20 Oc-

Underfull \hbox (badness 10000) in paragraph at lines 154--157


Underfull \hbox (badness 10000) in paragraph at lines 154--157


Underfull \hbox (badness 10000) in paragraph at lines 158--161


Underfull \hbox (badness 10000) in paragraph at lines 158--161


Overfull \hbox (28.02872pt too wide) in paragraph at lines 162--165
\T1/futs/m/n/12 (-20) <$\T1/cmtt/m/n/12 http : / / www . uptodate . com / conte
nts / mechanisms-[]of-[]glomerular-[]crescent-[]formation$\T1/futs/m/n/12 (-20)
 >

Underfull \hbox (badness 10000) in paragraph at lines 162--165


Underfull \hbox (badness 10000) in paragraph at lines 162--165


Underfull \hbox (badness 10000) in paragraph at lines 166--169


Underfull \hbox (badness 10000) in paragraph at lines 166--169


Underfull \hbox (badness 10000) in paragraph at lines 170--173


Underfull \hbox (badness 10000) in paragraph at lines 170--173


Underfull \hbox (badness 10000) in paragraph at lines 174--177


Underfull \hbox (badness 10000) in paragraph at lines 174--177

[6]
Underfull \hbox (badness 10000) in paragraph at lines 178--181


Underfull \hbox (badness 10000) in paragraph at lines 178--181


Underfull \hbox (badness 10000) in paragraph at lines 182--185


Underfull \hbox (badness 10000) in paragraph at lines 182--185


Underfull \hbox (badness 10000) in paragraph at lines 186--189


Underfull \hbox (badness 10000) in paragraph at lines 186--189


Underfull \hbox (badness 10000) in paragraph at lines 190--193


Underfull \hbox (badness 10000) in paragraph at lines 190--193


Underfull \hbox (badness 10000) in paragraph at lines 194--197


Underfull \hbox (badness 10000) in paragraph at lines 194--197


Underfull \hbox (badness 10000) in paragraph at lines 198--201


Underfull \hbox (badness 10000) in paragraph at lines 198--201


AED: lastpage setting LastPage
[7] (./egg_report_DRAFT.aux) )
(see the transcript file for additional information){/usr/local/texlive/2018/te
xmf-dist/fonts/enc/dvips/cm-super/cm-super-t1.enc}{/usr/local/texlive/2018/texm
f-dist/fonts/enc/dvips/base/8r.enc}</usr/local/texlive/2018/texmf-dist/fonts/ty
pe1/adobe/utopia/putb8a.pfb></usr/local/texlive/2018/texmf-dist/fonts/type1/ado
be/utopia/putr8a.pfb></usr/local/texlive/2018/texmf-dist/fonts/type1/adobe/utop
ia/putri8a.pfb></usr/local/texlive/2018/texmf-dist/fonts/type1/public/cm-super/
sftt1200.pfb>
Output written on egg_report_DRAFT.pdf (8 pages, 100180 bytes).
SyncTeX written on egg_report_DRAFT.synctex.gz.
Transcript written on egg_report_DRAFT.log.
Latexmk: Log file says output to 'egg_report_DRAFT.pdf'
=== TeX engine is 'pdfTeX'
Latexmk: All targets (egg_report_DRAFT.pdf) are up-to-date
